<?xml version="1.0" encoding="UTF-8"?>
<testng-results ignored="0" total="1" passed="1" failed="0" skipped="0">
  <reporter-output>
  </reporter-output>
  <suite started-at="2022-04-18T19:00:44 IST" name="Suite1" finished-at="2022-04-18T19:01:23 IST" duration-ms="39583">
    <groups>
    </groups>
    <test started-at="2022-04-18T19:00:44 IST" name="Test1" finished-at="2022-04-18T19:01:23 IST" duration-ms="39583">
      <class name="testCase.AspireTest1">
        <test-method is-config="true" signature="selectBrowser(java.lang.String)[pri:0, instance:testCase.AspireTest1@6572421]" started-at="2022-04-18T19:00:44 IST" name="selectBrowser" finished-at="2022-04-18T19:01:15 IST" duration-ms="30903" status="PASS">
          <params>
            <param index="0">
              <value>
                <![CDATA[chrome]]>
              </value>
            </param>
          </params>
          <reporter-output>
          </reporter-output>
        </test-method> <!-- selectBrowser -->
        <test-method signature="test1()[pri:0, instance:testCase.AspireTest1@6572421]" started-at="2022-04-18T19:01:15 IST" name="test1" finished-at="2022-04-18T19:01:23 IST" duration-ms="8614" status="PASS">
          <reporter-output>
          </reporter-output>
        </test-method> <!-- test1 -->
      </class> <!-- testCase.AspireTest1 -->
    </test> <!-- Test1 -->
  </suite> <!-- Suite1 -->
</testng-results>
